Warning: Design 'des3' has '1' unresolved references. For more detailed information, use the "link" command. (UID-341)
 
****************************************
Report : timing
        -path full
        -delay max
        -nets
        -max_paths 15
        -transition_time
Design : des3
Version: V-2023.12-SP2
Date   : Tue Jun 17 00:34:42 2025
****************************************

 # A fanout number of 10 was used for high fanout net computations.

Operating Conditions: slow   Library: slow
Wire Load Model Mode: top

  Startpoint: FP_R_reg_17_
              (rising edge-triggered flip-flop clocked by clk)
  Endpoint: R_reg_17_ (rising edge-triggered flip-flop clocked by clk)
  Path Group: clk
  Path Type: max

  Des/Clust/Port     Wire Load Model       Library
  ------------------------------------------------
  des3               5K_hvratio_1_1        slow

Attributes:
    d - dont_touch
    u - dont_use
   mo - map_only
   so - size_only
    i - ideal_net or ideal_network
  inf - infeasible path

  Point                        Fanout     Trans      Incr       Path      Attributes
  ------------------------------------------------------------------------------------------
  clock clk (rise edge)                              0.00       0.00
  clock network delay (ideal)                        0.00       0.00
  FP_R_reg_17_/CK (DFF_X2)                 0.00      0.00 #     0.00 r
  FP_R_reg_17_/Q (DFF_X2)                  0.03      0.42       0.42 r
  FP_R[17] (net)                 1                   0.00       0.42 r
  U185/ZN (NAND2_X1)                       0.02      0.05       0.47 f
  n165 (net)                     1                   0.00       0.47 f
  U183/ZN (OAI211_X1)                      0.09      0.09       0.55 r
  n164 (net)                     1                   0.00       0.55 r
  U182/Z (XOR2_X1)                         0.11      0.23       0.78 r
  desOut[2] (net)                3                   0.00       0.78 r
  R_reg_17_/D (DFF_X2)                     0.11      0.01       0.80 r
  data arrival time                                             0.80

  clock clk (rise edge)                              1.00       1.00
  clock network delay (ideal)                        0.00       1.00
  R_reg_17_/CK (DFF_X2)                              0.00       1.00 r
  library setup time                                -0.11       0.89
  data required time                                            0.89
  ------------------------------------------------------------------------------------------
  data required time                                            0.89
  data arrival time                                            -0.80
  ------------------------------------------------------------------------------------------
  slack (MET)                                                   0.10


  Startpoint: FP_R_reg_17_
              (rising edge-triggered flip-flop clocked by clk)
  Endpoint: FP_R_reg_17_
            (rising edge-triggered flip-flop clocked by clk)
  Path Group: clk
  Path Type: max

  Des/Clust/Port     Wire Load Model       Library
  ------------------------------------------------
  des3               5K_hvratio_1_1        slow

Attributes:
    d - dont_touch
    u - dont_use
   mo - map_only
   so - size_only
    i - ideal_net or ideal_network
  inf - infeasible path

  Point                        Fanout     Trans      Incr       Path      Attributes
  ------------------------------------------------------------------------------------------
  clock clk (rise edge)                              0.00       0.00
  clock network delay (ideal)                        0.00       0.00
  FP_R_reg_17_/CK (DFF_X2)                 0.00      0.00 #     0.00 r
  FP_R_reg_17_/Q (DFF_X2)                  0.03      0.42       0.42 r
  FP_R[17] (net)                 1                   0.00       0.42 r
  U185/ZN (NAND2_X1)                       0.02      0.05       0.47 f
  n165 (net)                     1                   0.00       0.47 f
  U183/ZN (OAI211_X1)                      0.09      0.09       0.55 r
  n164 (net)                     1                   0.00       0.55 r
  U182/Z (XOR2_X1)                         0.11      0.23       0.78 r
  desOut[2] (net)                3                   0.00       0.78 r
  FP_R_reg_17_/D (DFF_X2)                  0.11      0.01       0.80 r
  data arrival time                                             0.80

  clock clk (rise edge)                              1.00       1.00
  clock network delay (ideal)                        0.00       1.00
  FP_R_reg_17_/CK (DFF_X2)                           0.00       1.00 r
  library setup time                                -0.11       0.89
  data required time                                            0.89
  ------------------------------------------------------------------------------------------
  data required time                                            0.89
  data arrival time                                            -0.80
  ------------------------------------------------------------------------------------------
  slack (MET)                                                   0.10


  Startpoint: FP_R_reg_13_
              (rising edge-triggered flip-flop clocked by clk)
  Endpoint: FP_R_reg_13_
            (rising edge-triggered flip-flop clocked by clk)
  Path Group: clk
  Path Type: max

  Des/Clust/Port     Wire Load Model       Library
  ------------------------------------------------
  des3               5K_hvratio_1_1        slow

Attributes:
    d - dont_touch
    u - dont_use
   mo - map_only
   so - size_only
    i - ideal_net or ideal_network
  inf - infeasible path

  Point                        Fanout     Trans      Incr       Path      Attributes
  ------------------------------------------------------------------------------------------
  clock clk (rise edge)                              0.00       0.00
  clock network delay (ideal)                        0.00       0.00
  FP_R_reg_13_/CK (DFF_X2)                 0.00      0.00 #     0.00 r
  FP_R_reg_13_/Q (DFF_X2)                  0.03      0.42       0.42 r
  FP_R[13] (net)                 1                   0.00       0.42 r
  U169/ZN (NAND2_X1)                       0.02      0.05       0.47 f
  n153 (net)                     1                   0.00       0.47 f
  U167/ZN (OAI211_X1)                      0.09      0.09       0.55 r
  n152 (net)                     1                   0.00       0.55 r
  U166/Z (XOR2_X1)                         0.11      0.23       0.78 r
  desOut[36] (net)               3                   0.00       0.78 r
  FP_R_reg_13_/D (DFF_X2)                  0.11      0.01       0.80 r
  data arrival time                                             0.80

  clock clk (rise edge)                              1.00       1.00
  clock network delay (ideal)                        0.00       1.00
  FP_R_reg_13_/CK (DFF_X2)                           0.00       1.00 r
  library setup time                                -0.11       0.89
  data required time                                            0.89
  ------------------------------------------------------------------------------------------
  data required time                                            0.89
  data arrival time                                            -0.80
  ------------------------------------------------------------------------------------------
  slack (MET)                                                   0.10


  Startpoint: FP_R_reg_12_
              (rising edge-triggered flip-flop clocked by clk)
  Endpoint: FP_R_reg_12_
            (rising edge-triggered flip-flop clocked by clk)
  Path Group: clk
  Path Type: max

  Des/Clust/Port     Wire Load Model       Library
  ------------------------------------------------
  des3               5K_hvratio_1_1        slow

Attributes:
    d - dont_touch
    u - dont_use
   mo - map_only
   so - size_only
    i - ideal_net or ideal_network
  inf - infeasible path

  Point                        Fanout     Trans      Incr       Path      Attributes
  ------------------------------------------------------------------------------------------
  clock clk (rise edge)                              0.00       0.00
  clock network delay (ideal)                        0.00       0.00
  FP_R_reg_12_/CK (DFF_X2)                 0.00      0.00 #     0.00 r
  FP_R_reg_12_/Q (DFF_X2)                  0.03      0.42       0.42 r
  FP_R[12] (net)                 1                   0.00       0.42 r
  U189/ZN (NAND2_X1)                       0.02      0.05       0.47 f
  n168 (net)                     1                   0.00       0.47 f
  U187/ZN (OAI211_X1)                      0.09      0.09       0.55 r
  n167 (net)                     1                   0.00       0.55 r
  U186/Z (XOR2_X1)                         0.11      0.23       0.78 r
  desOut[28] (net)               3                   0.00       0.78 r
  FP_R_reg_12_/D (DFF_X2)                  0.11      0.01       0.80 r
  data arrival time                                             0.80

  clock clk (rise edge)                              1.00       1.00
  clock network delay (ideal)                        0.00       1.00
  FP_R_reg_12_/CK (DFF_X2)                           0.00       1.00 r
  library setup time                                -0.11       0.89
  data required time                                            0.89
  ------------------------------------------------------------------------------------------
  data required time                                            0.89
  data arrival time                                            -0.80
  ------------------------------------------------------------------------------------------
  slack (MET)                                                   0.10


  Startpoint: FP_R_reg_11_
              (rising edge-triggered flip-flop clocked by clk)
  Endpoint: FP_R_reg_11_
            (rising edge-triggered flip-flop clocked by clk)
  Path Group: clk
  Path Type: max

  Des/Clust/Port     Wire Load Model       Library
  ------------------------------------------------
  des3               5K_hvratio_1_1        slow

Attributes:
    d - dont_touch
    u - dont_use
   mo - map_only
   so - size_only
    i - ideal_net or ideal_network
  inf - infeasible path

  Point                        Fanout     Trans      Incr       Path      Attributes
  ------------------------------------------------------------------------------------------
  clock clk (rise edge)                              0.00       0.00
  clock network delay (ideal)                        0.00       0.00
  FP_R_reg_11_/CK (DFF_X2)                 0.00      0.00 #     0.00 r
  FP_R_reg_11_/Q (DFF_X2)                  0.03      0.42       0.42 r
  FP_R[11] (net)                 1                   0.00       0.42 r
  U205/ZN (NAND2_X1)                       0.02      0.05       0.47 f
  n180 (net)                     1                   0.00       0.47 f
  U203/ZN (OAI211_X1)                      0.09      0.09       0.55 r
  n179 (net)                     1                   0.00       0.55 r
  U202/Z (XOR2_X1)                         0.11      0.23       0.78 r
  desOut[20] (net)               3                   0.00       0.78 r
  FP_R_reg_11_/D (DFF_X2)                  0.11      0.01       0.80 r
  data arrival time                                             0.80

  clock clk (rise edge)                              1.00       1.00
  clock network delay (ideal)                        0.00       1.00
  FP_R_reg_11_/CK (DFF_X2)                           0.00       1.00 r
  library setup time                                -0.11       0.89
  data required time                                            0.89
  ------------------------------------------------------------------------------------------
  data required time                                            0.89
  data arrival time                                            -0.80
  ------------------------------------------------------------------------------------------
  slack (MET)                                                   0.10


  Startpoint: FP_R_reg_10_
              (rising edge-triggered flip-flop clocked by clk)
  Endpoint: FP_R_reg_10_
            (rising edge-triggered flip-flop clocked by clk)
  Path Group: clk
  Path Type: max

  Des/Clust/Port     Wire Load Model       Library
  ------------------------------------------------
  des3               5K_hvratio_1_1        slow

Attributes:
    d - dont_touch
    u - dont_use
   mo - map_only
   so - size_only
    i - ideal_net or ideal_network
  inf - infeasible path

  Point                        Fanout     Trans      Incr       Path      Attributes
  ------------------------------------------------------------------------------------------
  clock clk (rise edge)                              0.00       0.00
  clock network delay (ideal)                        0.00       0.00
  FP_R_reg_10_/CK (DFF_X2)                 0.00      0.00 #     0.00 r
  FP_R_reg_10_/Q (DFF_X2)                  0.03      0.42       0.42 r
  FP_R[10] (net)                 1                   0.00       0.42 r
  U221/ZN (NAND2_X1)                       0.02      0.05       0.47 f
  n192 (net)                     1                   0.00       0.47 f
  U219/ZN (OAI211_X1)                      0.09      0.09       0.55 r
  n191 (net)                     1                   0.00       0.55 r
  U218/Z (XOR2_X1)                         0.11      0.23       0.78 r
  desOut[12] (net)               3                   0.00       0.78 r
  FP_R_reg_10_/D (DFF_X2)                  0.11      0.01       0.80 r
  data arrival time                                             0.80

  clock clk (rise edge)                              1.00       1.00
  clock network delay (ideal)                        0.00       1.00
  FP_R_reg_10_/CK (DFF_X2)                           0.00       1.00 r
  library setup time                                -0.11       0.89
  data required time                                            0.89
  ------------------------------------------------------------------------------------------
  data required time                                            0.89
  data arrival time                                            -0.80
  ------------------------------------------------------------------------------------------
  slack (MET)                                                   0.10


  Startpoint: FP_R_reg_9_
              (rising edge-triggered flip-flop clocked by clk)
  Endpoint: FP_R_reg_9_
            (rising edge-triggered flip-flop clocked by clk)
  Path Group: clk
  Path Type: max

  Des/Clust/Port     Wire Load Model       Library
  ------------------------------------------------
  des3               5K_hvratio_1_1        slow

Attributes:
    d - dont_touch
    u - dont_use
   mo - map_only
   so - size_only
    i - ideal_net or ideal_network
  inf - infeasible path

  Point                        Fanout     Trans      Incr       Path      Attributes
  ------------------------------------------------------------------------------------------
  clock clk (rise edge)                              0.00       0.00
  clock network delay (ideal)                        0.00       0.00
  FP_R_reg_9_/CK (DFF_X2)                  0.00      0.00 #     0.00 r
  FP_R_reg_9_/Q (DFF_X2)                   0.03      0.42       0.42 r
  FP_R[9] (net)                  1                   0.00       0.42 r
  U141/ZN (NAND2_X1)                       0.02      0.05       0.47 f
  n132 (net)                     1                   0.00       0.47 f
  U139/ZN (OAI211_X1)                      0.09      0.09       0.55 r
  n131 (net)                     1                   0.00       0.55 r
  U138/Z (XOR2_X1)                         0.11      0.23       0.78 r
  desOut[4] (net)                3                   0.00       0.78 r
  FP_R_reg_9_/D (DFF_X2)                   0.11      0.01       0.80 r
  data arrival time                                             0.80

  clock clk (rise edge)                              1.00       1.00
  clock network delay (ideal)                        0.00       1.00
  FP_R_reg_9_/CK (DFF_X2)                            0.00       1.00 r
  library setup time                                -0.11       0.89
  data required time                                            0.89
  ------------------------------------------------------------------------------------------
  data required time                                            0.89
  data arrival time                                            -0.80
  ------------------------------------------------------------------------------------------
  slack (MET)                                                   0.10


  Startpoint: FP_R_reg_8_
              (rising edge-triggered flip-flop clocked by clk)
  Endpoint: FP_R_reg_8_
            (rising edge-triggered flip-flop clocked by clk)
  Path Group: clk
  Path Type: max

  Des/Clust/Port     Wire Load Model       Library
  ------------------------------------------------
  des3               5K_hvratio_1_1        slow

Attributes:
    d - dont_touch
    u - dont_use
   mo - map_only
   so - size_only
    i - ideal_net or ideal_network
  inf - infeasible path

  Point                        Fanout     Trans      Incr       Path      Attributes
  ------------------------------------------------------------------------------------------
  clock clk (rise edge)                              0.00       0.00
  clock network delay (ideal)                        0.00       0.00
  FP_R_reg_8_/CK (DFF_X2)                  0.00      0.00 #     0.00 r
  FP_R_reg_8_/Q (DFF_X2)                   0.03      0.42       0.42 r
  FP_R[8] (net)                  1                   0.00       0.42 r
  U113/ZN (NAND2_X1)                       0.02      0.05       0.47 f
  n111 (net)                     1                   0.00       0.47 f
  U111/ZN (OAI211_X1)                      0.09      0.09       0.55 r
  n110 (net)                     1                   0.00       0.55 r
  U110/Z (XOR2_X1)                         0.11      0.23       0.78 r
  desOut[62] (net)               3                   0.00       0.78 r
  FP_R_reg_8_/D (DFF_X2)                   0.11      0.01       0.80 r
  data arrival time                                             0.80

  clock clk (rise edge)                              1.00       1.00
  clock network delay (ideal)                        0.00       1.00
  FP_R_reg_8_/CK (DFF_X2)                            0.00       1.00 r
  library setup time                                -0.11       0.89
  data required time                                            0.89
  ------------------------------------------------------------------------------------------
  data required time                                            0.89
  data arrival time                                            -0.80
  ------------------------------------------------------------------------------------------
  slack (MET)                                                   0.10


  Startpoint: FP_R_reg_7_
              (rising edge-triggered flip-flop clocked by clk)
  Endpoint: FP_R_reg_7_
            (rising edge-triggered flip-flop clocked by clk)
  Path Group: clk
  Path Type: max

  Des/Clust/Port     Wire Load Model       Library
  ------------------------------------------------
  des3               5K_hvratio_1_1        slow

Attributes:
    d - dont_touch
    u - dont_use
   mo - map_only
   so - size_only
    i - ideal_net or ideal_network
  inf - infeasible path

  Point                        Fanout     Trans      Incr       Path      Attributes
  ------------------------------------------------------------------------------------------
  clock clk (rise edge)                              0.00       0.00
  clock network delay (ideal)                        0.00       0.00
  FP_R_reg_7_/CK (DFF_X2)                  0.00      0.00 #     0.00 r
  FP_R_reg_7_/Q (DFF_X2)                   0.03      0.42       0.42 r
  FP_R[7] (net)                  1                   0.00       0.42 r
  U129/ZN (NAND2_X1)                       0.02      0.05       0.47 f
  n123 (net)                     1                   0.00       0.47 f
  U127/ZN (OAI211_X1)                      0.09      0.09       0.55 r
  n122 (net)                     1                   0.00       0.55 r
  U126/Z (XOR2_X1)                         0.11      0.23       0.78 r
  desOut[54] (net)               3                   0.00       0.78 r
  FP_R_reg_7_/D (DFF_X2)                   0.11      0.01       0.80 r
  data arrival time                                             0.80

  clock clk (rise edge)                              1.00       1.00
  clock network delay (ideal)                        0.00       1.00
  FP_R_reg_7_/CK (DFF_X2)                            0.00       1.00 r
  library setup time                                -0.11       0.89
  data required time                                            0.89
  ------------------------------------------------------------------------------------------
  data required time                                            0.89
  data arrival time                                            -0.80
  ------------------------------------------------------------------------------------------
  slack (MET)                                                   0.10


  Startpoint: FP_R_reg_6_
              (rising edge-triggered flip-flop clocked by clk)
  Endpoint: FP_R_reg_6_
            (rising edge-triggered flip-flop clocked by clk)
  Path Group: clk
  Path Type: max

  Des/Clust/Port     Wire Load Model       Library
  ------------------------------------------------
  des3               5K_hvratio_1_1        slow

Attributes:
    d - dont_touch
    u - dont_use
   mo - map_only
   so - size_only
    i - ideal_net or ideal_network
  inf - infeasible path

  Point                        Fanout     Trans      Incr       Path      Attributes
  ------------------------------------------------------------------------------------------
  clock clk (rise edge)                              0.00       0.00
  clock network delay (ideal)                        0.00       0.00
  FP_R_reg_6_/CK (DFF_X2)                  0.00      0.00 #     0.00 r
  FP_R_reg_6_/Q (DFF_X2)                   0.03      0.42       0.42 r
  FP_R[6] (net)                  1                   0.00       0.42 r
  U149/ZN (NAND2_X1)                       0.02      0.05       0.47 f
  n138 (net)                     1                   0.00       0.47 f
  U147/ZN (OAI211_X1)                      0.09      0.09       0.55 r
  n137 (net)                     1                   0.00       0.55 r
  U146/Z (XOR2_X1)                         0.11      0.23       0.78 r
  desOut[46] (net)               3                   0.00       0.78 r
  FP_R_reg_6_/D (DFF_X2)                   0.11      0.01       0.80 r
  data arrival time                                             0.80

  clock clk (rise edge)                              1.00       1.00
  clock network delay (ideal)                        0.00       1.00
  FP_R_reg_6_/CK (DFF_X2)                            0.00       1.00 r
  library setup time                                -0.11       0.89
  data required time                                            0.89
  ------------------------------------------------------------------------------------------
  data required time                                            0.89
  data arrival time                                            -0.80
  ------------------------------------------------------------------------------------------
  slack (MET)                                                   0.10


  Startpoint: FP_R_reg_5_
              (rising edge-triggered flip-flop clocked by clk)
  Endpoint: FP_R_reg_5_
            (rising edge-triggered flip-flop clocked by clk)
  Path Group: clk
  Path Type: max

  Des/Clust/Port     Wire Load Model       Library
  ------------------------------------------------
  des3               5K_hvratio_1_1        slow

Attributes:
    d - dont_touch
    u - dont_use
   mo - map_only
   so - size_only
    i - ideal_net or ideal_network
  inf - infeasible path

  Point                        Fanout     Trans      Incr       Path      Attributes
  ------------------------------------------------------------------------------------------
  clock clk (rise edge)                              0.00       0.00
  clock network delay (ideal)                        0.00       0.00
  FP_R_reg_5_/CK (DFF_X2)                  0.00      0.00 #     0.00 r
  FP_R_reg_5_/Q (DFF_X2)                   0.03      0.42       0.42 r
  FP_R[5] (net)                  1                   0.00       0.42 r
  U165/ZN (NAND2_X1)                       0.02      0.05       0.47 f
  n150 (net)                     1                   0.00       0.47 f
  U163/ZN (OAI211_X1)                      0.09      0.09       0.55 r
  n149 (net)                     1                   0.00       0.55 r
  U162/Z (XOR2_X1)                         0.11      0.23       0.78 r
  desOut[38] (net)               3                   0.00       0.78 r
  FP_R_reg_5_/D (DFF_X2)                   0.11      0.01       0.80 r
  data arrival time                                             0.80

  clock clk (rise edge)                              1.00       1.00
  clock network delay (ideal)                        0.00       1.00
  FP_R_reg_5_/CK (DFF_X2)                            0.00       1.00 r
  library setup time                                -0.11       0.89
  data required time                                            0.89
  ------------------------------------------------------------------------------------------
  data required time                                            0.89
  data arrival time                                            -0.80
  ------------------------------------------------------------------------------------------
  slack (MET)                                                   0.10


  Startpoint: FP_R_reg_4_
              (rising edge-triggered flip-flop clocked by clk)
  Endpoint: FP_R_reg_4_
            (rising edge-triggered flip-flop clocked by clk)
  Path Group: clk
  Path Type: max

  Des/Clust/Port     Wire Load Model       Library
  ------------------------------------------------
  des3               5K_hvratio_1_1        slow

Attributes:
    d - dont_touch
    u - dont_use
   mo - map_only
   so - size_only
    i - ideal_net or ideal_network
  inf - infeasible path

  Point                        Fanout     Trans      Incr       Path      Attributes
  ------------------------------------------------------------------------------------------
  clock clk (rise edge)                              0.00       0.00
  clock network delay (ideal)                        0.00       0.00
  FP_R_reg_4_/CK (DFF_X2)                  0.00      0.00 #     0.00 r
  FP_R_reg_4_/Q (DFF_X2)                   0.03      0.42       0.42 r
  FP_R[4] (net)                  1                   0.00       0.42 r
  U181/ZN (NAND2_X1)                       0.02      0.05       0.47 f
  n162 (net)                     1                   0.00       0.47 f
  U179/ZN (OAI211_X1)                      0.09      0.09       0.55 r
  n161 (net)                     1                   0.00       0.55 r
  U178/Z (XOR2_X1)                         0.11      0.23       0.78 r
  desOut[30] (net)               3                   0.00       0.78 r
  FP_R_reg_4_/D (DFF_X2)                   0.11      0.01       0.80 r
  data arrival time                                             0.80

  clock clk (rise edge)                              1.00       1.00
  clock network delay (ideal)                        0.00       1.00
  FP_R_reg_4_/CK (DFF_X2)                            0.00       1.00 r
  library setup time                                -0.11       0.89
  data required time                                            0.89
  ------------------------------------------------------------------------------------------
  data required time                                            0.89
  data arrival time                                            -0.80
  ------------------------------------------------------------------------------------------
  slack (MET)                                                   0.10


  Startpoint: FP_R_reg_3_
              (rising edge-triggered flip-flop clocked by clk)
  Endpoint: FP_R_reg_3_
            (rising edge-triggered flip-flop clocked by clk)
  Path Group: clk
  Path Type: max

  Des/Clust/Port     Wire Load Model       Library
  ------------------------------------------------
  des3               5K_hvratio_1_1        slow

Attributes:
    d - dont_touch
    u - dont_use
   mo - map_only
   so - size_only
    i - ideal_net or ideal_network
  inf - infeasible path

  Point                        Fanout     Trans      Incr       Path      Attributes
  ------------------------------------------------------------------------------------------
  clock clk (rise edge)                              0.00       0.00
  clock network delay (ideal)                        0.00       0.00
  FP_R_reg_3_/CK (DFF_X2)                  0.00      0.00 #     0.00 r
  FP_R_reg_3_/Q (DFF_X2)                   0.03      0.42       0.42 r
  FP_R[3] (net)                  1                   0.00       0.42 r
  U201/ZN (NAND2_X1)                       0.02      0.05       0.47 f
  n177 (net)                     1                   0.00       0.47 f
  U199/ZN (OAI211_X1)                      0.09      0.09       0.55 r
  n176 (net)                     1                   0.00       0.55 r
  U198/Z (XOR2_X1)                         0.11      0.23       0.78 r
  desOut[22] (net)               3                   0.00       0.78 r
  FP_R_reg_3_/D (DFF_X2)                   0.11      0.01       0.80 r
  data arrival time                                             0.80

  clock clk (rise edge)                              1.00       1.00
  clock network delay (ideal)                        0.00       1.00
  FP_R_reg_3_/CK (DFF_X2)                            0.00       1.00 r
  library setup time                                -0.11       0.89
  data required time                                            0.89
  ------------------------------------------------------------------------------------------
  data required time                                            0.89
  data arrival time                                            -0.80
  ------------------------------------------------------------------------------------------
  slack (MET)                                                   0.10


  Startpoint: FP_R_reg_2_
              (rising edge-triggered flip-flop clocked by clk)
  Endpoint: FP_R_reg_2_
            (rising edge-triggered flip-flop clocked by clk)
  Path Group: clk
  Path Type: max

  Des/Clust/Port     Wire Load Model       Library
  ------------------------------------------------
  des3               5K_hvratio_1_1        slow

Attributes:
    d - dont_touch
    u - dont_use
   mo - map_only
   so - size_only
    i - ideal_net or ideal_network
  inf - infeasible path

  Point                        Fanout     Trans      Incr       Path      Attributes
  ------------------------------------------------------------------------------------------
  clock clk (rise edge)                              0.00       0.00
  clock network delay (ideal)                        0.00       0.00
  FP_R_reg_2_/CK (DFF_X2)                  0.00      0.00 #     0.00 r
  FP_R_reg_2_/Q (DFF_X2)                   0.03      0.42       0.42 r
  FP_R[2] (net)                  1                   0.00       0.42 r
  U217/ZN (NAND2_X1)                       0.02      0.05       0.47 f
  n189 (net)                     1                   0.00       0.47 f
  U215/ZN (OAI211_X1)                      0.09      0.09       0.55 r
  n188 (net)                     1                   0.00       0.55 r
  U214/Z (XOR2_X1)                         0.11      0.23       0.78 r
  desOut[14] (net)               3                   0.00       0.78 r
  FP_R_reg_2_/D (DFF_X2)                   0.11      0.01       0.80 r
  data arrival time                                             0.80

  clock clk (rise edge)                              1.00       1.00
  clock network delay (ideal)                        0.00       1.00
  FP_R_reg_2_/CK (DFF_X2)                            0.00       1.00 r
  library setup time                                -0.11       0.89
  data required time                                            0.89
  ------------------------------------------------------------------------------------------
  data required time                                            0.89
  data arrival time                                            -0.80
  ------------------------------------------------------------------------------------------
  slack (MET)                                                   0.10


  Startpoint: FP_R_reg_1_
              (rising edge-triggered flip-flop clocked by clk)
  Endpoint: FP_R_reg_1_
            (rising edge-triggered flip-flop clocked by clk)
  Path Group: clk
  Path Type: max

  Des/Clust/Port     Wire Load Model       Library
  ------------------------------------------------
  des3               5K_hvratio_1_1        slow

Attributes:
    d - dont_touch
    u - dont_use
   mo - map_only
   so - size_only
    i - ideal_net or ideal_network
  inf - infeasible path

  Point                        Fanout     Trans      Incr       Path      Attributes
  ------------------------------------------------------------------------------------------
  clock clk (rise edge)                              0.00       0.00
  clock network delay (ideal)                        0.00       0.00
  FP_R_reg_1_/CK (DFF_X2)                  0.00      0.00 #     0.00 r
  FP_R_reg_1_/Q (DFF_X2)                   0.03      0.42       0.42 r
  FP_R[1] (net)                  1                   0.00       0.42 r
  U109/ZN (NAND2_X1)                       0.02      0.05       0.47 f
  n108 (net)                     1                   0.00       0.47 f
  U107/ZN (OAI211_X1)                      0.09      0.09       0.55 r
  n107 (net)                     1                   0.00       0.55 r
  U106/Z (XOR2_X1)                         0.11      0.23       0.78 r
  desOut[6] (net)                3                   0.00       0.78 r
  FP_R_reg_1_/D (DFF_X2)                   0.11      0.01       0.80 r
  data arrival time                                             0.80

  clock clk (rise edge)                              1.00       1.00
  clock network delay (ideal)                        0.00       1.00
  FP_R_reg_1_/CK (DFF_X2)                            0.00       1.00 r
  library setup time                                -0.11       0.89
  data required time                                            0.89
  ------------------------------------------------------------------------------------------
  data required time                                            0.89
  data arrival time                                            -0.80
  ------------------------------------------------------------------------------------------
  slack (MET)                                                   0.10


1
